{"C:\\Users\\97537\\IdeaProjects\\reevooQuiz\\Sofia\\web\\src\\mock.js": {"path":"C:\\Users\\97537\\IdeaProjects\\reevooQuiz\\Sofia\\web\\src\\mock.js","statementMap":{"0":{"start":{"line":3,"column":13},"end":{"line":3,"column":30}},"1":{"start":{"line":5,"column":15},"end":{"line":5,"column":26}},"2":{"start":{"line":7,"column":15},"end":{"line":50,"column":1}},"3":{"start":{"line":8,"column":18},"end":{"line":45,"column":5}},"4":{"start":{"line":47,"column":0},"end":{"line":49,"column":1}},"5":{"start":{"line":53,"column":0},"end":{"line":53,"column":35}}},"fnMap":{"0":{"name":"(anonymous_0)","decl":{"start":{"line":7,"column":15},"end":{"line":7,"column":16}},"loc":{"start":{"line":7,"column":27},"end":{"line":50,"column":1}},"line":7}},"branchMap":{},"s":{"0":0,"1":0,"2":0,"3":0,"4":0,"5":0},"f":{"0":0},"b":{}}
,"C:\\Users\\97537\\IdeaProjects\\reevooQuiz\\Sofia\\web\\src\\config\\dev.env.js": {"path":"C:\\Users\\97537\\IdeaProjects\\reevooQuiz\\Sofia\\web\\src\\config\\dev.env.js","statementMap":{"0":{"start":{"line":2,"column":14},"end":{"line":2,"column":38}},"1":{"start":{"line":3,"column":16},"end":{"line":3,"column":37}},"2":{"start":{"line":5,"column":0},"end":{"line":8,"column":2}}},"fnMap":{},"branchMap":{},"s":{"0":0,"1":0,"2":0},"f":{},"b":{}}
,"C:\\Users\\97537\\IdeaProjects\\reevooQuiz\\Sofia\\web\\src\\config\\prod.env.js": {"path":"C:\\Users\\97537\\IdeaProjects\\reevooQuiz\\Sofia\\web\\src\\config\\prod.env.js","statementMap":{"0":{"start":{"line":3,"column":0},"end":{"line":6,"column":1}}},"fnMap":{},"branchMap":{},"s":{"0":0},"f":{},"b":{}}
,"C:\\Users\\97537\\IdeaProjects\\reevooQuiz\\Sofia\\web\\src\\http\\request.js": {"path":"C:\\Users\\97537\\IdeaProjects\\reevooQuiz\\Sofia\\web\\src\\http\\request.js","statementMap":{"0":{"start":{"line":4,"column":15},"end":{"line":9,"column":2}},"1":{"start":{"line":11,"column":0},"end":{"line":11,"column":26}},"2":{"start":{"line":12,"column":0},"end":{"line":12,"column":32}},"3":{"start":{"line":15,"column":0},"end":{"line":29,"column":2}},"4":{"start":{"line":18,"column":8},"end":{"line":18,"column":60}},"5":{"start":{"line":19,"column":8},"end":{"line":21,"column":19}},"6":{"start":{"line":22,"column":8},"end":{"line":22,"column":22}},"7":{"start":{"line":25,"column":8},"end":{"line":25,"column":34}},"8":{"start":{"line":26,"column":8},"end":{"line":26,"column":37}},"9":{"start":{"line":31,"column":0},"end":{"line":75,"column":2}},"10":{"start":{"line":33,"column":8},"end":{"line":33,"column":30}},"11":{"start":{"line":35,"column":8},"end":{"line":41,"column":9}},"12":{"start":{"line":36,"column":12},"end":{"line":36,"column":31}},"13":{"start":{"line":37,"column":15},"end":{"line":41,"column":9}},"14":{"start":{"line":38,"column":12},"end":{"line":38,"column":39}},"15":{"start":{"line":40,"column":12},"end":{"line":40,"column":31}},"16":{"start":{"line":42,"column":8},"end":{"line":42,"column":24}},"17":{"start":{"line":45,"column":21},"end":{"line":45,"column":31}},"18":{"start":{"line":49,"column":8},"end":{"line":49,"column":65}},"19":{"start":{"line":49,"column":38},"end":{"line":49,"column":65}},"20":{"start":{"line":52,"column":8},"end":{"line":52,"column":55}},"21":{"start":{"line":55,"column":8},"end":{"line":58,"column":9}},"22":{"start":{"line":57,"column":12},"end":{"line":57,"column":39}},"23":{"start":{"line":61,"column":8},"end":{"line":61,"column":33}},"24":{"start":{"line":64,"column":22},"end":{"line":68,"column":10}},"25":{"start":{"line":65,"column":12},"end":{"line":67,"column":39}},"26":{"start":{"line":66,"column":16},"end":{"line":66,"column":26}},"27":{"start":{"line":71,"column":8},"end":{"line":73,"column":11}},"28":{"start":{"line":72,"column":12},"end":{"line":72,"column":34}},"29":{"start":{"line":77,"column":17},"end":{"line":131,"column":1}},"30":{"start":{"line":84,"column":4},"end":{"line":129,"column":11}},"31":{"start":{"line":93,"column":12},"end":{"line":93,"column":33}},"32":{"start":{"line":94,"column":12},"end":{"line":94,"column":32}},"33":{"start":{"line":97,"column":12},"end":{"line":97,"column":48}},"34":{"start":{"line":98,"column":12},"end":{"line":125,"column":13}},"35":{"start":{"line":100,"column":16},"end":{"line":100,"column":51}},"36":{"start":{"line":101,"column":16},"end":{"line":101,"column":85}},"37":{"start":{"line":102,"column":16},"end":{"line":112,"column":17}},"38":{"start":{"line":103,"column":20},"end":{"line":105,"column":23}},"39":{"start":{"line":107,"column":21},"end":{"line":112,"column":17}},"40":{"start":{"line":108,"column":20},"end":{"line":111,"column":23}},"41":{"start":{"line":117,"column":17},"end":{"line":125,"column":13}},"42":{"start":{"line":119,"column":16},"end":{"line":119,"column":50}},"43":{"start":{"line":120,"column":16},"end":{"line":120,"column":54}},"44":{"start":{"line":124,"column":16},"end":{"line":124,"column":40}},"45":{"start":{"line":127,"column":12},"end":{"line":127,"column":36}},"46":{"start":{"line":132,"column":18},"end":{"line":165,"column":1}},"47":{"start":{"line":134,"column":4},"end":{"line":134,"column":24}},"48":{"start":{"line":135,"column":4},"end":{"line":162,"column":11}},"49":{"start":{"line":140,"column":12},"end":{"line":140,"column":33}},"50":{"start":{"line":141,"column":12},"end":{"line":141,"column":32}},"51":{"start":{"line":144,"column":12},"end":{"line":144,"column":36}},"52":{"start":{"line":146,"column":12},"end":{"line":159,"column":13}},"53":{"start":{"line":147,"column":16},"end":{"line":147,"column":42}},"54":{"start":{"line":149,"column":17},"end":{"line":159,"column":13}},"55":{"start":{"line":150,"column":16},"end":{"line":150,"column":60}},"56":{"start":{"line":151,"column":16},"end":{"line":154,"column":18}},"57":{"start":{"line":158,"column":16},"end":{"line":158,"column":40}},"58":{"start":{"line":166,"column":17},"end":{"line":199,"column":1}},"59":{"start":{"line":168,"column":4},"end":{"line":168,"column":23}},"60":{"start":{"line":169,"column":4},"end":{"line":196,"column":11}},"61":{"start":{"line":174,"column":12},"end":{"line":174,"column":33}},"62":{"start":{"line":175,"column":12},"end":{"line":175,"column":32}},"63":{"start":{"line":178,"column":12},"end":{"line":178,"column":36}},"64":{"start":{"line":180,"column":12},"end":{"line":193,"column":13}},"65":{"start":{"line":181,"column":16},"end":{"line":181,"column":42}},"66":{"start":{"line":183,"column":17},"end":{"line":193,"column":13}},"67":{"start":{"line":184,"column":16},"end":{"line":184,"column":60}},"68":{"start":{"line":185,"column":16},"end":{"line":188,"column":18}},"69":{"start":{"line":192,"column":16},"end":{"line":192,"column":40}},"70":{"start":{"line":201,"column":17},"end":{"line":231,"column":1}},"71":{"start":{"line":204,"column":4},"end":{"line":230,"column":11}},"72":{"start":{"line":209,"column":12},"end":{"line":209,"column":32}},"73":{"start":{"line":212,"column":12},"end":{"line":212,"column":34}},"74":{"start":{"line":215,"column":12},"end":{"line":228,"column":13}},"75":{"start":{"line":216,"column":16},"end":{"line":216,"column":42}},"76":{"start":{"line":218,"column":17},"end":{"line":228,"column":13}},"77":{"start":{"line":219,"column":16},"end":{"line":219,"column":60}},"78":{"start":{"line":220,"column":16},"end":{"line":223,"column":18}},"79":{"start":{"line":227,"column":16},"end":{"line":227,"column":40}},"80":{"start":{"line":234,"column":30},"end":{"line":269,"column":1}},"81":{"start":{"line":235,"column":16},"end":{"line":235,"column":31}},"82":{"start":{"line":242,"column":4},"end":{"line":268,"column":11}},"83":{"start":{"line":247,"column":12},"end":{"line":247,"column":32}},"84":{"start":{"line":250,"column":12},"end":{"line":250,"column":34}},"85":{"start":{"line":265,"column":12},"end":{"line":265,"column":36}}},"fnMap":{"0":{"name":"(anonymous_0)","decl":{"start":{"line":16,"column":4},"end":{"line":16,"column":5}},"loc":{"start":{"line":16,"column":16},"end":{"line":23,"column":5}},"line":16},"1":{"name":"(anonymous_1)","decl":{"start":{"line":24,"column":4},"end":{"line":24,"column":5}},"loc":{"start":{"line":24,"column":15},"end":{"line":27,"column":5}},"line":24},"2":{"name":"(anonymous_2)","decl":{"start":{"line":32,"column":4},"end":{"line":32,"column":5}},"loc":{"start":{"line":32,"column":16},"end":{"line":43,"column":5}},"line":32},"3":{"name":"axiosRetryInterceptor","decl":{"start":{"line":44,"column":13},"end":{"line":44,"column":34}},"loc":{"start":{"line":44,"column":40},"end":{"line":74,"column":5}},"line":44},"4":{"name":"(anonymous_4)","decl":{"start":{"line":64,"column":34},"end":{"line":64,"column":35}},"loc":{"start":{"line":64,"column":53},"end":{"line":68,"column":9}},"line":64},"5":{"name":"(anonymous_5)","decl":{"start":{"line":65,"column":23},"end":{"line":65,"column":24}},"loc":{"start":{"line":65,"column":35},"end":{"line":67,"column":13}},"line":65},"6":{"name":"(anonymous_6)","decl":{"start":{"line":71,"column":28},"end":{"line":71,"column":29}},"loc":{"start":{"line":71,"column":40},"end":{"line":73,"column":9}},"line":71},"7":{"name":"(anonymous_7)","decl":{"start":{"line":77,"column":17},"end":{"line":77,"column":18}},"loc":{"start":{"line":82,"column":34},"end":{"line":131,"column":1}},"line":82},"8":{"name":"(anonymous_8)","decl":{"start":{"line":92,"column":15},"end":{"line":92,"column":16}},"loc":{"start":{"line":92,"column":32},"end":{"line":95,"column":9}},"line":92},"9":{"name":"(anonymous_9)","decl":{"start":{"line":96,"column":14},"end":{"line":96,"column":15}},"loc":{"start":{"line":96,"column":26},"end":{"line":129,"column":9}},"line":96},"10":{"name":"(anonymous_10)","decl":{"start":{"line":132,"column":18},"end":{"line":132,"column":19}},"loc":{"start":{"line":132,"column":62},"end":{"line":165,"column":1}},"line":132},"11":{"name":"(anonymous_11)","decl":{"start":{"line":139,"column":15},"end":{"line":139,"column":16}},"loc":{"start":{"line":139,"column":32},"end":{"line":142,"column":9}},"line":139},"12":{"name":"(anonymous_12)","decl":{"start":{"line":143,"column":14},"end":{"line":143,"column":15}},"loc":{"start":{"line":143,"column":26},"end":{"line":162,"column":9}},"line":143},"13":{"name":"(anonymous_13)","decl":{"start":{"line":166,"column":17},"end":{"line":166,"column":18}},"loc":{"start":{"line":166,"column":61},"end":{"line":199,"column":1}},"line":166},"14":{"name":"(anonymous_14)","decl":{"start":{"line":173,"column":15},"end":{"line":173,"column":16}},"loc":{"start":{"line":173,"column":32},"end":{"line":176,"column":9}},"line":173},"15":{"name":"(anonymous_15)","decl":{"start":{"line":177,"column":14},"end":{"line":177,"column":15}},"loc":{"start":{"line":177,"column":26},"end":{"line":196,"column":9}},"line":177},"16":{"name":"(anonymous_16)","decl":{"start":{"line":201,"column":17},"end":{"line":201,"column":18}},"loc":{"start":{"line":201,"column":63},"end":{"line":231,"column":1}},"line":201},"17":{"name":"(anonymous_17)","decl":{"start":{"line":208,"column":15},"end":{"line":208,"column":16}},"loc":{"start":{"line":208,"column":32},"end":{"line":210,"column":9}},"line":208},"18":{"name":"(anonymous_18)","decl":{"start":{"line":211,"column":14},"end":{"line":211,"column":15}},"loc":{"start":{"line":211,"column":26},"end":{"line":230,"column":9}},"line":211},"19":{"name":"(anonymous_19)","decl":{"start":{"line":234,"column":30},"end":{"line":234,"column":31}},"loc":{"start":{"line":234,"column":44},"end":{"line":269,"column":1}},"line":234},"20":{"name":"(anonymous_20)","decl":{"start":{"line":246,"column":15},"end":{"line":246,"column":16}},"loc":{"start":{"line":246,"column":32},"end":{"line":248,"column":9}},"line":246},"21":{"name":"(anonymous_21)","decl":{"start":{"line":249,"column":14},"end":{"line":249,"column":15}},"loc":{"start":{"line":249,"column":26},"end":{"line":268,"column":9}},"line":249}},"branchMap":{"0":{"loc":{"start":{"line":19,"column":42},"end":{"line":21,"column":18}},"type":"cond-expr","locations":[{"start":{"line":20,"column":14},"end":{"line":20,"column":62}},{"start":{"line":21,"column":14},"end":{"line":21,"column":18}}],"line":19},"1":{"loc":{"start":{"line":35,"column":8},"end":{"line":41,"column":9}},"type":"if","locations":[{"start":{"line":35,"column":8},"end":{"line":41,"column":9}},{"start":{"line":35,"column":8},"end":{"line":41,"column":9}}],"line":35},"2":{"loc":{"start":{"line":37,"column":15},"end":{"line":41,"column":9}},"type":"if","locations":[{"start":{"line":37,"column":15},"end":{"line":41,"column":9}},{"start":{"line":37,"column":15},"end":{"line":41,"column":9}}],"line":37},"3":{"loc":{"start":{"line":49,"column":8},"end":{"line":49,"column":65}},"type":"if","locations":[{"start":{"line":49,"column":8},"end":{"line":49,"column":65}},{"start":{"line":49,"column":8},"end":{"line":49,"column":65}}],"line":49},"4":{"loc":{"start":{"line":49,"column":12},"end":{"line":49,"column":36}},"type":"binary-expr","locations":[{"start":{"line":49,"column":12},"end":{"line":49,"column":19}},{"start":{"line":49,"column":23},"end":{"line":49,"column":36}}],"line":49},"5":{"loc":{"start":{"line":52,"column":30},"end":{"line":52,"column":54}},"type":"binary-expr","locations":[{"start":{"line":52,"column":30},"end":{"line":52,"column":49}},{"start":{"line":52,"column":53},"end":{"line":52,"column":54}}],"line":52},"6":{"loc":{"start":{"line":55,"column":8},"end":{"line":58,"column":9}},"type":"if","locations":[{"start":{"line":55,"column":8},"end":{"line":58,"column":9}},{"start":{"line":55,"column":8},"end":{"line":58,"column":9}}],"line":55},"7":{"loc":{"start":{"line":67,"column":15},"end":{"line":67,"column":37}},"type":"binary-expr","locations":[{"start":{"line":67,"column":15},"end":{"line":67,"column":32}},{"start":{"line":67,"column":36},"end":{"line":67,"column":37}}],"line":67},"8":{"loc":{"start":{"line":87,"column":25},"end":{"line":89,"column":26}},"type":"cond-expr","locations":[{"start":{"line":88,"column":22},"end":{"line":88,"column":78}},{"start":{"line":89,"column":22},"end":{"line":89,"column":26}}],"line":87},"9":{"loc":{"start":{"line":98,"column":12},"end":{"line":125,"column":13}},"type":"if","locations":[{"start":{"line":98,"column":12},"end":{"line":125,"column":13}},{"start":{"line":98,"column":12},"end":{"line":125,"column":13}}],"line":98},"10":{"loc":{"start":{"line":102,"column":16},"end":{"line":112,"column":17}},"type":"if","locations":[{"start":{"line":102,"column":16},"end":{"line":112,"column":17}},{"start":{"line":102,"column":16},"end":{"line":112,"column":17}}],"line":102},"11":{"loc":{"start":{"line":107,"column":21},"end":{"line":112,"column":17}},"type":"if","locations":[{"start":{"line":107,"column":21},"end":{"line":112,"column":17}},{"start":{"line":107,"column":21},"end":{"line":112,"column":17}}],"line":107},"12":{"loc":{"start":{"line":117,"column":17},"end":{"line":125,"column":13}},"type":"if","locations":[{"start":{"line":117,"column":17},"end":{"line":125,"column":13}},{"start":{"line":117,"column":17},"end":{"line":125,"column":13}}],"line":117},"13":{"loc":{"start":{"line":146,"column":12},"end":{"line":159,"column":13}},"type":"if","locations":[{"start":{"line":146,"column":12},"end":{"line":159,"column":13}},{"start":{"line":146,"column":12},"end":{"line":159,"column":13}}],"line":146},"14":{"loc":{"start":{"line":149,"column":17},"end":{"line":159,"column":13}},"type":"if","locations":[{"start":{"line":149,"column":17},"end":{"line":159,"column":13}},{"start":{"line":149,"column":17},"end":{"line":159,"column":13}}],"line":149},"15":{"loc":{"start":{"line":180,"column":12},"end":{"line":193,"column":13}},"type":"if","locations":[{"start":{"line":180,"column":12},"end":{"line":193,"column":13}},{"start":{"line":180,"column":12},"end":{"line":193,"column":13}}],"line":180},"16":{"loc":{"start":{"line":183,"column":17},"end":{"line":193,"column":13}},"type":"if","locations":[{"start":{"line":183,"column":17},"end":{"line":193,"column":13}},{"start":{"line":183,"column":17},"end":{"line":193,"column":13}}],"line":183},"17":{"loc":{"start":{"line":215,"column":12},"end":{"line":228,"column":13}},"type":"if","locations":[{"start":{"line":215,"column":12},"end":{"line":228,"column":13}},{"start":{"line":215,"column":12},"end":{"line":228,"column":13}}],"line":215},"18":{"loc":{"start":{"line":218,"column":17},"end":{"line":228,"column":13}},"type":"if","locations":[{"start":{"line":218,"column":17},"end":{"line":228,"column":13}},{"start":{"line":218,"column":17},"end":{"line":228,"column":13}}],"line":218}},"s":{"0":0,"1":0,"2":0,"3":0,"4":0,"5":0,"6":0,"7":0,"8":0,"9":0,"10":0,"11":0,"12":0,"13":0,"14":0,"15":0,"16":0,"17":0,"18":0,"19":0,"20":0,"21":0,"22":0,"23":0,"24":0,"25":0,"26":0,"27":0,"28":0,"29":0,"30":0,"31":0,"32":0,"33":0,"34":0,"35":0,"36":0,"37":0,"38":0,"39":0,"40":0,"41":0,"42":0,"43":0,"44":0,"45":0,"46":0,"47":0,"48":0,"49":0,"50":0,"51":0,"52":0,"53":0,"54":0,"55":0,"56":0,"57":0,"58":0,"59":0,"60":0,"61":0,"62":0,"63":0,"64":0,"65":0,"66":0,"67":0,"68":0,"69":0,"70":0,"71":0,"72":0,"73":0,"74":0,"75":0,"76":0,"77":0,"78":0,"79":0,"80":0,"81":0,"82":0,"83":0,"84":0,"85":0},"f":{"0":0,"1":0,"2":0,"3":0,"4":0,"5":0,"6":0,"7":0,"8":0,"9":0,"10":0,"11":0,"12":0,"13":0,"14":0,"15":0,"16":0,"17":0,"18":0,"19":0,"20":0,"21":0},"b":{"0":[0,0],"1":[0,0],"2":[0,0],"3":[0,0],"4":[0,0],"5":[0,0],"6":[0,0],"7":[0,0],"8":[0,0],"9":[0,0],"10":[0,0],"11":[0,0],"12":[0,0],"13":[0,0],"14":[0,0],"15":[0,0],"16":[0,0],"17":[0,0],"18":[0,0]}}
,"C:\\Users\\97537\\IdeaProjects\\reevooQuiz\\Sofia\\web\\src\\test\\index.js": {"path":"C:\\Users\\97537\\IdeaProjects\\reevooQuiz\\Sofia\\web\\src\\test\\index.js","statementMap":{"0":{"start":{"line":3,"column":16},"end":{"line":3,"column":34}},"1":{"start":{"line":4,"column":13},"end":{"line":4,"column":30}},"2":{"start":{"line":5,"column":18},"end":{"line":5,"column":34}},"3":{"start":{"line":8,"column":0},"end":{"line":91,"column":3}},"4":{"start":{"line":9,"column":23},"end":{"line":9,"column":25}},"5":{"start":{"line":10,"column":4},"end":{"line":14,"column":6}},"6":{"start":{"line":16,"column":4},"end":{"line":86,"column":6}},"7":{"start":{"line":88,"column":4},"end":{"line":90,"column":12}},"8":{"start":{"line":89,"column":8},"end":{"line":89,"column":31}},"9":{"start":{"line":92,"column":0},"end":{"line":112,"column":3}},"10":{"start":{"line":93,"column":23},"end":{"line":93,"column":25}},"11":{"start":{"line":94,"column":4},"end":{"line":98,"column":6}},"12":{"start":{"line":100,"column":4},"end":{"line":107,"column":6}},"13":{"start":{"line":109,"column":4},"end":{"line":111,"column":12}},"14":{"start":{"line":110,"column":8},"end":{"line":110,"column":31}},"15":{"start":{"line":113,"column":0},"end":{"line":142,"column":3}},"16":{"start":{"line":114,"column":23},"end":{"line":114,"column":25}},"17":{"start":{"line":115,"column":4},"end":{"line":119,"column":6}},"18":{"start":{"line":121,"column":4},"end":{"line":137,"column":6}},"19":{"start":{"line":139,"column":4},"end":{"line":141,"column":12}},"20":{"start":{"line":140,"column":8},"end":{"line":140,"column":31}},"21":{"start":{"line":143,"column":0},"end":{"line":172,"column":3}},"22":{"start":{"line":144,"column":23},"end":{"line":144,"column":25}},"23":{"start":{"line":145,"column":4},"end":{"line":149,"column":6}},"24":{"start":{"line":151,"column":4},"end":{"line":167,"column":6}},"25":{"start":{"line":169,"column":4},"end":{"line":171,"column":12}},"26":{"start":{"line":170,"column":8},"end":{"line":170,"column":31}},"27":{"start":{"line":173,"column":0},"end":{"line":194,"column":3}},"28":{"start":{"line":174,"column":23},"end":{"line":174,"column":25}},"29":{"start":{"line":175,"column":4},"end":{"line":179,"column":6}},"30":{"start":{"line":181,"column":4},"end":{"line":189,"column":6}},"31":{"start":{"line":191,"column":4},"end":{"line":193,"column":12}},"32":{"start":{"line":192,"column":8},"end":{"line":192,"column":31}},"33":{"start":{"line":196,"column":0},"end":{"line":233,"column":3}},"34":{"start":{"line":197,"column":23},"end":{"line":197,"column":25}},"35":{"start":{"line":198,"column":4},"end":{"line":202,"column":6}},"36":{"start":{"line":204,"column":4},"end":{"line":228,"column":6}},"37":{"start":{"line":230,"column":4},"end":{"line":232,"column":12}},"38":{"start":{"line":231,"column":8},"end":{"line":231,"column":31}},"39":{"start":{"line":235,"column":0},"end":{"line":323,"column":3}},"40":{"start":{"line":236,"column":23},"end":{"line":236,"column":25}},"41":{"start":{"line":237,"column":4},"end":{"line":241,"column":6}},"42":{"start":{"line":243,"column":4},"end":{"line":318,"column":6}},"43":{"start":{"line":320,"column":4},"end":{"line":322,"column":12}},"44":{"start":{"line":321,"column":8},"end":{"line":321,"column":31}},"45":{"start":{"line":326,"column":0},"end":{"line":377,"column":3}},"46":{"start":{"line":327,"column":23},"end":{"line":327,"column":25}},"47":{"start":{"line":328,"column":4},"end":{"line":332,"column":6}},"48":{"start":{"line":334,"column":4},"end":{"line":372,"column":6}},"49":{"start":{"line":374,"column":4},"end":{"line":376,"column":12}},"50":{"start":{"line":375,"column":8},"end":{"line":375,"column":31}},"51":{"start":{"line":378,"column":0},"end":{"line":461,"column":3}},"52":{"start":{"line":379,"column":23},"end":{"line":379,"column":25}},"53":{"start":{"line":380,"column":4},"end":{"line":384,"column":6}},"54":{"start":{"line":386,"column":4},"end":{"line":456,"column":6}},"55":{"start":{"line":458,"column":4},"end":{"line":460,"column":12}},"56":{"start":{"line":459,"column":8},"end":{"line":459,"column":31}},"57":{"start":{"line":462,"column":0},"end":{"line":518,"column":3}},"58":{"start":{"line":463,"column":23},"end":{"line":463,"column":25}},"59":{"start":{"line":464,"column":4},"end":{"line":468,"column":6}},"60":{"start":{"line":470,"column":4},"end":{"line":513,"column":6}},"61":{"start":{"line":515,"column":4},"end":{"line":517,"column":12}},"62":{"start":{"line":516,"column":8},"end":{"line":516,"column":31}},"63":{"start":{"line":519,"column":0},"end":{"line":538,"column":3}},"64":{"start":{"line":520,"column":23},"end":{"line":520,"column":25}},"65":{"start":{"line":521,"column":4},"end":{"line":525,"column":6}},"66":{"start":{"line":527,"column":4},"end":{"line":533,"column":6}},"67":{"start":{"line":535,"column":4},"end":{"line":537,"column":12}},"68":{"start":{"line":536,"column":8},"end":{"line":536,"column":31}},"69":{"start":{"line":540,"column":0},"end":{"line":596,"column":3}},"70":{"start":{"line":541,"column":23},"end":{"line":541,"column":25}},"71":{"start":{"line":542,"column":4},"end":{"line":546,"column":6}},"72":{"start":{"line":548,"column":4},"end":{"line":591,"column":6}},"73":{"start":{"line":593,"column":4},"end":{"line":595,"column":12}},"74":{"start":{"line":594,"column":8},"end":{"line":594,"column":31}},"75":{"start":{"line":597,"column":0},"end":{"line":678,"column":3}},"76":{"start":{"line":598,"column":23},"end":{"line":598,"column":25}},"77":{"start":{"line":599,"column":4},"end":{"line":603,"column":6}},"78":{"start":{"line":605,"column":4},"end":{"line":673,"column":6}},"79":{"start":{"line":675,"column":4},"end":{"line":677,"column":12}},"80":{"start":{"line":676,"column":8},"end":{"line":676,"column":31}},"81":{"start":{"line":679,"column":0},"end":{"line":679,"column":27}}},"fnMap":{"0":{"name":"(anonymous_0)","decl":{"start":{"line":8,"column":27},"end":{"line":8,"column":28}},"loc":{"start":{"line":8,"column":47},"end":{"line":91,"column":1}},"line":8},"1":{"name":"(anonymous_1)","decl":{"start":{"line":88,"column":15},"end":{"line":88,"column":16}},"loc":{"start":{"line":88,"column":21},"end":{"line":90,"column":5}},"line":88},"2":{"name":"(anonymous_2)","decl":{"start":{"line":92,"column":28},"end":{"line":92,"column":29}},"loc":{"start":{"line":92,"column":48},"end":{"line":112,"column":1}},"line":92},"3":{"name":"(anonymous_3)","decl":{"start":{"line":109,"column":15},"end":{"line":109,"column":16}},"loc":{"start":{"line":109,"column":21},"end":{"line":111,"column":5}},"line":109},"4":{"name":"(anonymous_4)","decl":{"start":{"line":113,"column":25},"end":{"line":113,"column":26}},"loc":{"start":{"line":113,"column":45},"end":{"line":142,"column":1}},"line":113},"5":{"name":"(anonymous_5)","decl":{"start":{"line":139,"column":15},"end":{"line":139,"column":16}},"loc":{"start":{"line":139,"column":21},"end":{"line":141,"column":5}},"line":139},"6":{"name":"(anonymous_6)","decl":{"start":{"line":143,"column":31},"end":{"line":143,"column":32}},"loc":{"start":{"line":143,"column":51},"end":{"line":172,"column":1}},"line":143},"7":{"name":"(anonymous_7)","decl":{"start":{"line":169,"column":15},"end":{"line":169,"column":16}},"loc":{"start":{"line":169,"column":21},"end":{"line":171,"column":5}},"line":169},"8":{"name":"(anonymous_8)","decl":{"start":{"line":173,"column":30},"end":{"line":173,"column":31}},"loc":{"start":{"line":173,"column":50},"end":{"line":194,"column":1}},"line":173},"9":{"name":"(anonymous_9)","decl":{"start":{"line":191,"column":15},"end":{"line":191,"column":16}},"loc":{"start":{"line":191,"column":21},"end":{"line":193,"column":5}},"line":191},"10":{"name":"(anonymous_10)","decl":{"start":{"line":196,"column":29},"end":{"line":196,"column":30}},"loc":{"start":{"line":196,"column":49},"end":{"line":233,"column":1}},"line":196},"11":{"name":"(anonymous_11)","decl":{"start":{"line":230,"column":15},"end":{"line":230,"column":16}},"loc":{"start":{"line":230,"column":21},"end":{"line":232,"column":5}},"line":230},"12":{"name":"(anonymous_12)","decl":{"start":{"line":235,"column":32},"end":{"line":235,"column":33}},"loc":{"start":{"line":235,"column":52},"end":{"line":323,"column":1}},"line":235},"13":{"name":"(anonymous_13)","decl":{"start":{"line":320,"column":15},"end":{"line":320,"column":16}},"loc":{"start":{"line":320,"column":21},"end":{"line":322,"column":5}},"line":320},"14":{"name":"(anonymous_14)","decl":{"start":{"line":326,"column":30},"end":{"line":326,"column":31}},"loc":{"start":{"line":326,"column":50},"end":{"line":377,"column":1}},"line":326},"15":{"name":"(anonymous_15)","decl":{"start":{"line":374,"column":15},"end":{"line":374,"column":16}},"loc":{"start":{"line":374,"column":21},"end":{"line":376,"column":5}},"line":374},"16":{"name":"(anonymous_16)","decl":{"start":{"line":378,"column":32},"end":{"line":378,"column":33}},"loc":{"start":{"line":378,"column":52},"end":{"line":461,"column":1}},"line":378},"17":{"name":"(anonymous_17)","decl":{"start":{"line":458,"column":15},"end":{"line":458,"column":16}},"loc":{"start":{"line":458,"column":21},"end":{"line":460,"column":5}},"line":458},"18":{"name":"(anonymous_18)","decl":{"start":{"line":462,"column":28},"end":{"line":462,"column":29}},"loc":{"start":{"line":462,"column":48},"end":{"line":518,"column":1}},"line":462},"19":{"name":"(anonymous_19)","decl":{"start":{"line":515,"column":15},"end":{"line":515,"column":16}},"loc":{"start":{"line":515,"column":21},"end":{"line":517,"column":5}},"line":515},"20":{"name":"(anonymous_20)","decl":{"start":{"line":519,"column":26},"end":{"line":519,"column":27}},"loc":{"start":{"line":519,"column":46},"end":{"line":538,"column":1}},"line":519},"21":{"name":"(anonymous_21)","decl":{"start":{"line":535,"column":15},"end":{"line":535,"column":16}},"loc":{"start":{"line":535,"column":21},"end":{"line":537,"column":5}},"line":535},"22":{"name":"(anonymous_22)","decl":{"start":{"line":540,"column":27},"end":{"line":540,"column":28}},"loc":{"start":{"line":540,"column":47},"end":{"line":596,"column":1}},"line":540},"23":{"name":"(anonymous_23)","decl":{"start":{"line":593,"column":15},"end":{"line":593,"column":16}},"loc":{"start":{"line":593,"column":21},"end":{"line":595,"column":5}},"line":593},"24":{"name":"(anonymous_24)","decl":{"start":{"line":597,"column":25},"end":{"line":597,"column":26}},"loc":{"start":{"line":597,"column":45},"end":{"line":678,"column":1}},"line":597},"25":{"name":"(anonymous_25)","decl":{"start":{"line":675,"column":15},"end":{"line":675,"column":16}},"loc":{"start":{"line":675,"column":21},"end":{"line":677,"column":5}},"line":675}},"branchMap":{},"s":{"0":0,"1":0,"2":0,"3":0,"4":0,"5":0,"6":0,"7":0,"8":0,"9":0,"10":0,"11":0,"12":0,"13":0,"14":0,"15":0,"16":0,"17":0,"18":0,"19":0,"20":0,"21":0,"22":0,"23":0,"24":0,"25":0,"26":0,"27":0,"28":0,"29":0,"30":0,"31":0,"32":0,"33":0,"34":0,"35":0,"36":0,"37":0,"38":0,"39":0,"40":0,"41":0,"42":0,"43":0,"44":0,"45":0,"46":0,"47":0,"48":0,"49":0,"50":0,"51":0,"52":0,"53":0,"54":0,"55":0,"56":0,"57":0,"58":0,"59":0,"60":0,"61":0,"62":0,"63":0,"64":0,"65":0,"66":0,"67":0,"68":0,"69":0,"70":0,"71":0,"72":0,"73":0,"74":0,"75":0,"76":0,"77":0,"78":0,"79":0,"80":0,"81":0},"f":{"0":0,"1":0,"2":0,"3":0,"4":0,"5":0,"6":0,"7":0,"8":0,"9":0,"10":0,"11":0,"12":0,"13":0,"14":0,"15":0,"16":0,"17":0,"18":0,"19":0,"20":0,"21":0,"22":0,"23":0,"24":0,"25":0},"b":{}}
}
