TN:
SF:src\mock.js
FN:7,(anonymous_0)
FNF:1
FNH:0
FNDA:0,(anonymous_0)
DA:3,0
DA:5,0
DA:7,0
DA:8,0
DA:47,0
DA:53,0
LF:6
LH:0
BRF:0
BRH:0
end_of_record
TN:
SF:src\config\dev.env.js
FNF:0
FNH:0
DA:2,0
DA:3,0
DA:5,0
LF:3
LH:0
BRF:0
BRH:0
end_of_record
TN:
SF:src\config\prod.env.js
FNF:0
FNH:0
DA:3,0
LF:1
LH:0
BRF:0
BRH:0
end_of_record
TN:
SF:src\http\request.js
FN:16,(anonymous_0)
FN:24,(anonymous_1)
FN:32,(anonymous_2)
FN:44,axiosRetryInterceptor
FN:64,(anonymous_4)
FN:65,(anonymous_5)
FN:71,(anonymous_6)
FN:77,(anonymous_7)
FN:92,(anonymous_8)
FN:96,(anonymous_9)
FN:132,(anonymous_10)
FN:139,(anonymous_11)
FN:143,(anonymous_12)
FN:166,(anonymous_13)
FN:173,(anonymous_14)
FN:177,(anonymous_15)
FN:201,(anonymous_16)
FN:208,(anonymous_17)
FN:211,(anonymous_18)
FN:234,(anonymous_19)
FN:246,(anonymous_20)
FN:249,(anonymous_21)
FNF:22
FNH:0
FNDA:0,(anonymous_0)
FNDA:0,(anonymous_1)
FNDA:0,(anonymous_2)
FNDA:0,axiosRetryInterceptor
FNDA:0,(anonymous_4)
FNDA:0,(anonymous_5)
FNDA:0,(anonymous_6)
FNDA:0,(anonymous_7)
FNDA:0,(anonymous_8)
FNDA:0,(anonymous_9)
FNDA:0,(anonymous_10)
FNDA:0,(anonymous_11)
FNDA:0,(anonymous_12)
FNDA:0,(anonymous_13)
FNDA:0,(anonymous_14)
FNDA:0,(anonymous_15)
FNDA:0,(anonymous_16)
FNDA:0,(anonymous_17)
FNDA:0,(anonymous_18)
FNDA:0,(anonymous_19)
FNDA:0,(anonymous_20)
FNDA:0,(anonymous_21)
DA:4,0
DA:11,0
DA:12,0
DA:15,0
DA:18,0
DA:19,0
DA:22,0
DA:25,0
DA:26,0
DA:31,0
DA:33,0
DA:35,0
DA:36,0
DA:37,0
DA:38,0
DA:40,0
DA:42,0
DA:45,0
DA:49,0
DA:52,0
DA:55,0
DA:57,0
DA:61,0
DA:64,0
DA:65,0
DA:66,0
DA:71,0
DA:72,0
DA:77,0
DA:84,0
DA:93,0
DA:94,0
DA:97,0
DA:98,0
DA:100,0
DA:101,0
DA:102,0
DA:103,0
DA:107,0
DA:108,0
DA:117,0
DA:119,0
DA:120,0
DA:124,0
DA:127,0
DA:132,0
DA:134,0
DA:135,0
DA:140,0
DA:141,0
DA:144,0
DA:146,0
DA:147,0
DA:149,0
DA:150,0
DA:151,0
DA:158,0
DA:166,0
DA:168,0
DA:169,0
DA:174,0
DA:175,0
DA:178,0
DA:180,0
DA:181,0
DA:183,0
DA:184,0
DA:185,0
DA:192,0
DA:201,0
DA:204,0
DA:209,0
DA:212,0
DA:215,0
DA:216,0
DA:218,0
DA:219,0
DA:220,0
DA:227,0
DA:234,0
DA:235,0
DA:242,0
DA:247,0
DA:250,0
DA:265,0
LF:85
LH:0
BRDA:19,0,0,0
BRDA:19,0,1,0
BRDA:35,1,0,0
BRDA:35,1,1,0
BRDA:37,2,0,0
BRDA:37,2,1,0
BRDA:49,3,0,0
BRDA:49,3,1,0
BRDA:49,4,0,0
BRDA:49,4,1,0
BRDA:52,5,0,0
BRDA:52,5,1,0
BRDA:55,6,0,0
BRDA:55,6,1,0
BRDA:67,7,0,0
BRDA:67,7,1,0
BRDA:87,8,0,0
BRDA:87,8,1,0
BRDA:98,9,0,0
BRDA:98,9,1,0
BRDA:102,10,0,0
BRDA:102,10,1,0
BRDA:107,11,0,0
BRDA:107,11,1,0
BRDA:117,12,0,0
BRDA:117,12,1,0
BRDA:146,13,0,0
BRDA:146,13,1,0
BRDA:149,14,0,0
BRDA:149,14,1,0
BRDA:180,15,0,0
BRDA:180,15,1,0
BRDA:183,16,0,0
BRDA:183,16,1,0
BRDA:215,17,0,0
BRDA:215,17,1,0
BRDA:218,18,0,0
BRDA:218,18,1,0
BRF:38
BRH:0
end_of_record
TN:
SF:src\test\index.js
FN:8,(anonymous_0)
FN:88,(anonymous_1)
FN:92,(anonymous_2)
FN:109,(anonymous_3)
FN:113,(anonymous_4)
FN:139,(anonymous_5)
FN:143,(anonymous_6)
FN:169,(anonymous_7)
FN:173,(anonymous_8)
FN:191,(anonymous_9)
FN:196,(anonymous_10)
FN:230,(anonymous_11)
FN:235,(anonymous_12)
FN:320,(anonymous_13)
FN:326,(anonymous_14)
FN:374,(anonymous_15)
FN:378,(anonymous_16)
FN:458,(anonymous_17)
FN:462,(anonymous_18)
FN:515,(anonymous_19)
FN:519,(anonymous_20)
FN:535,(anonymous_21)
FN:540,(anonymous_22)
FN:593,(anonymous_23)
FN:597,(anonymous_24)
FN:675,(anonymous_25)
FNF:26
FNH:0
FNDA:0,(anonymous_0)
FNDA:0,(anonymous_1)
FNDA:0,(anonymous_2)
FNDA:0,(anonymous_3)
FNDA:0,(anonymous_4)
FNDA:0,(anonymous_5)
FNDA:0,(anonymous_6)
FNDA:0,(anonymous_7)
FNDA:0,(anonymous_8)
FNDA:0,(anonymous_9)
FNDA:0,(anonymous_10)
FNDA:0,(anonymous_11)
FNDA:0,(anonymous_12)
FNDA:0,(anonymous_13)
FNDA:0,(anonymous_14)
FNDA:0,(anonymous_15)
FNDA:0,(anonymous_16)
FNDA:0,(anonymous_17)
FNDA:0,(anonymous_18)
FNDA:0,(anonymous_19)
FNDA:0,(anonymous_20)
FNDA:0,(anonymous_21)
FNDA:0,(anonymous_22)
FNDA:0,(anonymous_23)
FNDA:0,(anonymous_24)
FNDA:0,(anonymous_25)
DA:3,0
DA:4,0
DA:5,0
DA:8,0
DA:9,0
DA:10,0
DA:16,0
DA:88,0
DA:89,0
DA:92,0
DA:93,0
DA:94,0
DA:100,0
DA:109,0
DA:110,0
DA:113,0
DA:114,0
DA:115,0
DA:121,0
DA:139,0
DA:140,0
DA:143,0
DA:144,0
DA:145,0
DA:151,0
DA:169,0
DA:170,0
DA:173,0
DA:174,0
DA:175,0
DA:181,0
DA:191,0
DA:192,0
DA:196,0
DA:197,0
DA:198,0
DA:204,0
DA:230,0
DA:231,0
DA:235,0
DA:236,0
DA:237,0
DA:243,0
DA:320,0
DA:321,0
DA:326,0
DA:327,0
DA:328,0
DA:334,0
DA:374,0
DA:375,0
DA:378,0
DA:379,0
DA:380,0
DA:386,0
DA:458,0
DA:459,0
DA:462,0
DA:463,0
DA:464,0
DA:470,0
DA:515,0
DA:516,0
DA:519,0
DA:520,0
DA:521,0
DA:527,0
DA:535,0
DA:536,0
DA:540,0
DA:541,0
DA:542,0
DA:548,0
DA:593,0
DA:594,0
DA:597,0
DA:598,0
DA:599,0
DA:605,0
DA:675,0
DA:676,0
DA:679,0
LF:82
LH:0
BRF:0
BRH:0
end_of_record
